2026-04-10 11:47:02,704 [INFO] Activator:176 - 


2026-04-10 11:47:02,708 [INFO] Activator:177 - !SESSION log4j initialized
2026-04-10 11:47:08,443 [INFO] LogOutputStream:77 - [STDOUT_REDIRECT] 
2026-04-10 11:47:10,804 [INFO] ApplicationProperties:184 - Using Application install path: C:\ST\STM32CubeIDE_1.19.0\STM32CubeIDE\plugins\com.st.stm32cube.common.mx_6.15.0.202507011659
2026-04-10 11:47:10,819 [INFO] DbMcusXml:78 - Set database path to: C:\ST\STM32CubeIDE_1.19.0\STM32CubeIDE\plugins\com.st.stm32cube.common.mx_6.15.0.202507011659\\db\/mcu/
2026-04-10 11:47:10,819 [INFO] ApiDb:274 - Set plugin database path to: C:\ST\STM32CubeIDE_1.19.0\STM32CubeIDE\plugins\com.st.stm32cube.common.mx_6.15.0.202507011659\\db\/plugins/boardmanager/
2026-04-10 11:47:10,819 [WARN] ApiDb:259 - Overriding images path with different value:  => C:\ST\STM32CubeIDE_1.19.0\STM32CubeIDE\plugins\com.st.stm32cube.common.mx_6.15.0.202507011659\\db\/plugins/mcufinder/images/
2026-04-10 11:47:10,825 [INFO] ApiDb:250 - Set database path to: C:\Users\dylan\.stmcufinder\plugins\mcufinder//mcu/
2026-04-10 11:47:10,826 [INFO] DbMcusAds:125 - Set database path to: C:\Users\dylan\.stmcufinder\plugins\mcufinder//mcu/
2026-04-10 11:47:10,828 [INFO] CrossReferenceDbSqlite:203 - Set database path to: C:\Users\dylan\.stmcufinder\plugins\mcufinder//mcu/cs/
2026-04-10 11:47:10,915 [INFO] RulesReader:64 - Compatibility file has been processed (317 Rules)
2026-04-10 11:47:10,984 [INFO] DbMcusXml:78 - Set database path to: C:\ST\STM32CubeIDE_1.19.0\STM32CubeIDE\plugins\com.st.stm32cube.common.mx_6.15.0.202507011659\\db\/mcu/
2026-04-10 11:47:10,984 [INFO] ApiDb:274 - Set plugin database path to: C:\ST\STM32CubeIDE_1.19.0\STM32CubeIDE\plugins\com.st.stm32cube.common.mx_6.15.0.202507011659\\db\/plugins/boardmanager/
2026-04-10 11:47:10,984 [INFO] ApiDb:261 - Set plugin images path to: C:\ST\STM32CubeIDE_1.19.0\STM32CubeIDE\plugins\com.st.stm32cube.common.mx_6.15.0.202507011659\\db\/plugins/mcufinder/images/
2026-04-10 11:47:10,985 [WARN] DbFile:41 - Overriding database path with different value: C:\Users\dylan\.stmcufinder\plugins\mcufinder/ => C:\Users\dylan\.stmcufinder\plugins\mcufinder
2026-04-10 11:47:10,985 [INFO] ApiDb:250 - Set database path to: C:\Users\dylan\.stmcufinder\plugins\mcufinder//mcu/
2026-04-10 11:47:10,985 [WARN] DbFile:41 - Overriding database path with different value: C:\Users\dylan\.stmcufinder\plugins\mcufinder/ => C:\Users\dylan\.stmcufinder\plugins\mcufinder
2026-04-10 11:47:10,985 [INFO] DbMcusAds:125 - Set database path to: C:\Users\dylan\.stmcufinder\plugins\mcufinder//mcu/
2026-04-10 11:47:10,985 [WARN] DbFile:41 - Overriding database path with different value: C:\Users\dylan\.stmcufinder\plugins\mcufinder/ => C:\Users\dylan\.stmcufinder\plugins\mcufinder
2026-04-10 11:47:10,985 [WARN] DbFile:41 - Overriding database path with different value: C:\Users\dylan\.stmcufinder\plugins\mcufinder/ => C:\Users\dylan\.stmcufinder\plugins\mcufinder
2026-04-10 11:47:10,985 [INFO] CrossReferenceDbSqlite:203 - Set database path to: C:\Users\dylan\.stmcufinder\plugins\mcufinder//mcu/cs/
2026-04-10 11:47:11,042 [INFO] MainPanel:274 - HeapMemory: 268435456
2026-04-10 11:47:11,128 [INFO] DbMcusXml:78 - Set database path to: C:\ST\STM32CubeIDE_1.19.0\STM32CubeIDE\plugins\com.st.stm32cube.common.mx_6.15.0.202507011659\\db\/mcu/
2026-04-10 11:47:11,128 [INFO] ApiDb:274 - Set plugin database path to: C:\ST\STM32CubeIDE_1.19.0\STM32CubeIDE\plugins\com.st.stm32cube.common.mx_6.15.0.202507011659\\db\/plugins/boardmanager/
2026-04-10 11:47:11,128 [INFO] ApiDb:261 - Set plugin images path to: C:\ST\STM32CubeIDE_1.19.0\STM32CubeIDE\plugins\com.st.stm32cube.common.mx_6.15.0.202507011659\\db\/plugins/mcufinder/images/
2026-04-10 11:47:11,128 [WARN] DbFile:41 - Overriding database path with different value: C:\Users\dylan\.stmcufinder\plugins\mcufinder/ => C:\Users\dylan\.stmcufinder\plugins\mcufinder
2026-04-10 11:47:11,129 [INFO] ApiDb:250 - Set database path to: C:\Users\dylan\.stmcufinder\plugins\mcufinder//mcu/
2026-04-10 11:47:11,129 [WARN] DbFile:41 - Overriding database path with different value: C:\Users\dylan\.stmcufinder\plugins\mcufinder/ => C:\Users\dylan\.stmcufinder\plugins\mcufinder
2026-04-10 11:47:11,129 [INFO] DbMcusAds:125 - Set database path to: C:\Users\dylan\.stmcufinder\plugins\mcufinder//mcu/
2026-04-10 11:47:11,129 [WARN] DbFile:41 - Overriding database path with different value: C:\Users\dylan\.stmcufinder\plugins\mcufinder/ => C:\Users\dylan\.stmcufinder\plugins\mcufinder
2026-04-10 11:47:11,129 [WARN] DbFile:41 - Overriding database path with different value: C:\Users\dylan\.stmcufinder\plugins\mcufinder/ => C:\Users\dylan\.stmcufinder\plugins\mcufinder
2026-04-10 11:47:11,129 [INFO] CrossReferenceDbSqlite:203 - Set database path to: C:\Users\dylan\.stmcufinder\plugins\mcufinder//mcu/cs/
2026-04-10 11:47:11,143 [INFO] ApplicationProperties:184 - Using Application install path: C:\ST\STM32CubeIDE_1.19.0\STM32CubeIDE\plugins\com.st.stm32cube.common.mx_6.15.0.202507011659
2026-04-10 11:47:11,144 [INFO] PluginManage:196 - Search for loadable plugins [exclusion list=, ]
2026-04-10 11:47:11,145 [INFO] PluginManage:310 - Check plugin analytics
2026-04-10 11:47:11,338 [INFO] AnalyticsPlugin:253 - Accepted Software Licenses: 
2026-04-10 11:47:11,338 [INFO] AnalyticsPlugin:255 - Accepted CMSIS Pack Licenses: STMicroelectronics.X-CUBE-MEMS1.11.2.0,STMicroelectronics.X-CUBE-MEMS1.12.0.0
2026-04-10 11:47:11,338 [INFO] AnalyticsPlugin:257 - Accepted Firmware Licenses: FW.L4.1.18.0,FW.F4.1.28.0,FW.G0.1.6.0
2026-04-10 11:47:11,342 [INFO] PluginManage:359 - Loaded plugin analytics (category:tool,tabindex:-1)
2026-04-10 11:47:11,342 [INFO] PluginManage:310 - Check plugin cadmodel
2026-04-10 11:47:11,348 [INFO] CADModel:105 - Init CAD model plugin
2026-04-10 11:47:11,348 [INFO] PluginManage:359 - Loaded plugin cadmodel (category:power,tabindex:5)
2026-04-10 11:47:11,349 [INFO] PluginManage:310 - Check plugin clock
2026-04-10 11:47:11,362 [INFO] PluginManage:359 - Loaded plugin clock (category:base,tabindex:2)
2026-04-10 11:47:11,362 [INFO] PluginManage:310 - Check plugin ddr
2026-04-10 11:47:11,366 [INFO] PluginManage:359 - Loaded plugin ddr (category:tool,tabindex:6)
2026-04-10 11:47:11,366 [INFO] PluginManage:310 - Check plugin filemanager
2026-04-10 11:47:11,526 [INFO] PluginManage:359 - Loaded plugin filemanager (category:base,tabindex:10)
2026-04-10 11:47:11,526 [INFO] PluginManage:310 - Check plugin ipmanager
2026-04-10 11:47:11,531 [INFO] PluginManage:359 - Loaded plugin ipmanager (category:base,tabindex:5)
2026-04-10 11:47:11,531 [INFO] PluginManage:310 - Check plugin lpbam
2026-04-10 11:47:11,538 [INFO] PluginManage:359 - Loaded plugin lpbam (category:base,tabindex:0)
2026-04-10 11:47:11,538 [INFO] PluginManage:310 - Check plugin memorymap
2026-04-10 11:47:11,550 [INFO] PluginManage:359 - Loaded plugin memorymap (category:base,tabindex:4)
2026-04-10 11:47:11,551 [INFO] PluginManage:310 - Check plugin pinoutandconfiguration
2026-04-10 11:47:11,558 [INFO] PluginManage:359 - Loaded plugin pinoutandconfiguration (category:base,tabindex:1)
2026-04-10 11:47:11,558 [INFO] PluginManage:310 - Check plugin pinoutconfig
2026-04-10 11:47:11,641 [WARN] SupportedApi:132 - Cannot load RTOS API schema: s4s-elt-must-match.1: The content of 'definitions' must match (annotation?, (simpleType | complexType)?, (unique | key | keyref)*)). A problem was found starting at: attribute.
2026-04-10 11:47:11,757 [INFO] PluginManage:359 - Loaded plugin pinoutconfig (category:base,tabindex:0)
2026-04-10 11:47:11,758 [INFO] PluginManage:310 - Check plugin power
2026-04-10 11:47:11,765 [INFO] PluginManage:359 - Loaded plugin power (category:power,tabindex:4)
2026-04-10 11:47:11,765 [INFO] PluginManage:310 - Check plugin projectmanager
2026-04-10 11:47:11,778 [INFO] PluginManage:359 - Loaded plugin projectmanager (category:projectmanager,tabindex:4)
2026-04-10 11:47:11,778 [INFO] PluginManage:310 - Check plugin rif
2026-04-10 11:47:11,787 [INFO] PluginManage:359 - Loaded plugin rif (category:base,tabindex:3)
2026-04-10 11:47:11,787 [INFO] PluginManage:310 - Check plugin thirdparty
2026-04-10 11:47:11,906 [WARN] IntegrityCheckThread:84 - waiting for thirdparty lock release [integrity check]
2026-04-10 11:47:11,907 [INFO] IntegrityCheckThread:86 - entering critical section [integrity check]
2026-04-10 11:47:11,907 [INFO] ThirdPartyUpdaterWithRetryManager:70 - Updater plugin not ready yet. [1/15]
2026-04-10 11:47:11,907 [INFO] PluginManage:359 - Loaded plugin thirdparty (category:base,tabindex:-1)
2026-04-10 11:47:11,907 [INFO] PluginManage:310 - Check plugin tools
2026-04-10 11:47:11,911 [INFO] PluginManage:359 - Loaded plugin tools (category:base,tabindex:7)
2026-04-10 11:47:11,911 [INFO] PluginManage:310 - Check plugin tutovideos
2026-04-10 11:47:12,095 [INFO] PluginManage:359 - Loaded plugin tutovideos (category:base,tabindex:-1)
2026-04-10 11:47:12,095 [INFO] PluginManage:310 - Check plugin updater
2026-04-10 11:47:12,118 [INFO] PluginManage:359 - Loaded plugin updater (category:base,tabindex:12)
2026-04-10 11:47:12,118 [INFO] PluginManage:310 - Check plugin userauth
2026-04-10 11:47:12,123 [INFO] UserAuth:118 - Init User Auth plugin
2026-04-10 11:47:12,124 [INFO] PluginManage:359 - Loaded plugin userauth (category:base,tabindex:14)
2026-04-10 11:47:12,124 [INFO] PluginManage:283 - PluginManage : Loaded plugins [18]
2026-04-10 11:47:12,306 [INFO] PinOutPanel:1589 - setPackage(No Configuration,No Configuration)
2026-04-10 11:47:12,371 [INFO] CADModel:165 - CPN selected for project level
2026-04-10 11:47:12,371 [INFO] CADModel:114 - Register for checkConnection events
2026-04-10 11:47:12,389 [INFO] IPUIPlugin:80 - create IPUIPlugin
2026-04-10 11:47:12,390 [INFO] PluginManager:220 - loadIPPluginJar : add adc
2026-04-10 11:47:12,392 [INFO] IPUIPlugin:80 - create IPUIPlugin
2026-04-10 11:47:12,392 [INFO] PluginManager:220 - loadIPPluginJar : add aes
2026-04-10 11:47:12,394 [INFO] IPUIPlugin:80 - create IPUIPlugin
2026-04-10 11:47:12,394 [INFO] PluginManager:220 - loadIPPluginJar : add can
2026-04-10 11:47:12,395 [INFO] IPUIPlugin:80 - create IPUIPlugin
2026-04-10 11:47:12,395 [INFO] PluginManager:220 - loadIPPluginJar : add comp
2026-04-10 11:47:12,397 [INFO] IPUIPlugin:80 - create IPUIPlugin
2026-04-10 11:47:12,397 [INFO] PluginManager:220 - loadIPPluginJar : add cryp
2026-04-10 11:47:12,400 [INFO] IPUIPlugin:80 - create IPUIPlugin
2026-04-10 11:47:12,400 [INFO] PluginManager:220 - loadIPPluginJar : add ddr_ctrl_phy
2026-04-10 11:47:12,401 [INFO] IPUIPlugin:80 - create IPUIPlugin
2026-04-10 11:47:12,401 [INFO] PluginManager:220 - loadIPPluginJar : add dfsdm
2026-04-10 11:47:12,406 [INFO] IPUIPlugin:80 - create IPUIPlugin
2026-04-10 11:47:12,406 [INFO] PluginManager:220 - loadIPPluginJar : add dma
2026-04-10 11:47:12,408 [INFO] IPUIPlugin:80 - create IPUIPlugin
2026-04-10 11:47:12,408 [INFO] PluginManager:220 - loadIPPluginJar : add dma3
2026-04-10 11:47:12,410 [INFO] IPUIPlugin:80 - create IPUIPlugin
2026-04-10 11:47:12,410 [INFO] PluginManager:220 - loadIPPluginJar : add extmemmanager
2026-04-10 11:47:12,411 [INFO] IPUIPlugin:80 - create IPUIPlugin
2026-04-10 11:47:12,411 [INFO] PluginManager:220 - loadIPPluginJar : add fatfs
2026-04-10 11:47:12,414 [INFO] IPUIPlugin:80 - create IPUIPlugin
2026-04-10 11:47:12,415 [INFO] PluginManager:220 - loadIPPluginJar : add fmc
2026-04-10 11:47:12,421 [INFO] IPUIPlugin:80 - create IPUIPlugin
2026-04-10 11:47:12,421 [INFO] PluginManager:220 - loadIPPluginJar : add freertos
2026-04-10 11:47:12,422 [INFO] IPUIPlugin:80 - create IPUIPlugin
2026-04-10 11:47:12,422 [INFO] PluginManager:220 - loadIPPluginJar : add genericplugin
2026-04-10 11:47:12,424 [INFO] IPUIPlugin:80 - create IPUIPlugin
2026-04-10 11:47:12,424 [INFO] PluginManager:220 - loadIPPluginJar : add gfxmmu
2026-04-10 11:47:12,427 [INFO] IPUIPlugin:80 - create IPUIPlugin
2026-04-10 11:47:12,428 [INFO] PluginManager:220 - loadIPPluginJar : add gic
2026-04-10 11:47:12,431 [INFO] IPUIPlugin:80 - create IPUIPlugin
2026-04-10 11:47:12,431 [INFO] PluginManager:220 - loadIPPluginJar : add gpio
2026-04-10 11:47:12,433 [INFO] IPUIPlugin:80 - create IPUIPlugin
2026-04-10 11:47:12,433 [INFO] PluginManager:220 - loadIPPluginJar : add gtzc
2026-04-10 11:47:12,435 [INFO] IPUIPlugin:80 - create IPUIPlugin
2026-04-10 11:47:12,435 [INFO] PluginManager:220 - loadIPPluginJar : add hash
2026-04-10 11:47:12,437 [INFO] IPUIPlugin:80 - create IPUIPlugin
2026-04-10 11:47:12,437 [INFO] PluginManager:220 - loadIPPluginJar : add i2c
2026-04-10 11:47:12,439 [INFO] IPUIPlugin:80 - create IPUIPlugin
2026-04-10 11:47:12,439 [INFO] PluginManager:220 - loadIPPluginJar : add i2s
2026-04-10 11:47:12,442 [INFO] IPUIPlugin:80 - create IPUIPlugin
2026-04-10 11:47:12,442 [INFO] PluginManager:220 - loadIPPluginJar : add i3c
2026-04-10 11:47:12,444 [INFO] IPUIPlugin:80 - create IPUIPlugin
2026-04-10 11:47:12,444 [INFO] PluginManager:220 - loadIPPluginJar : add ipddr
2026-04-10 11:47:12,450 [INFO] IPUIPlugin:80 - create IPUIPlugin
2026-04-10 11:47:12,450 [INFO] PluginManager:220 - loadIPPluginJar : add linkedlist
2026-04-10 11:47:12,453 [INFO] IPUIPlugin:80 - create IPUIPlugin
2026-04-10 11:47:12,453 [INFO] PluginManager:220 - loadIPPluginJar : add lorawan
2026-04-10 11:47:12,454 [INFO] IPUIPlugin:80 - create IPUIPlugin
2026-04-10 11:47:12,454 [INFO] PluginManager:220 - loadIPPluginJar : add ltdc
2026-04-10 11:47:12,459 [INFO] IPUIPlugin:80 - create IPUIPlugin
2026-04-10 11:47:12,459 [INFO] PluginManager:220 - loadIPPluginJar : add mdma
2026-04-10 11:47:12,462 [INFO] IPUIPlugin:80 - create IPUIPlugin
2026-04-10 11:47:12,462 [INFO] PluginManager:220 - loadIPPluginJar : add nvic
2026-04-10 11:47:12,464 [INFO] IPUIPlugin:80 - create IPUIPlugin
2026-04-10 11:47:12,464 [INFO] PluginManager:220 - loadIPPluginJar : add opamp
2026-04-10 11:47:12,466 [INFO] IPUIPlugin:80 - create IPUIPlugin
2026-04-10 11:47:12,466 [INFO] PluginManager:220 - loadIPPluginJar : add openamp
2026-04-10 11:47:12,469 [INFO] IPUIPlugin:80 - create IPUIPlugin
2026-04-10 11:47:12,469 [INFO] PluginManager:220 - loadIPPluginJar : add pdm2pcm
2026-04-10 11:47:12,474 [INFO] IPUIPlugin:80 - create IPUIPlugin
2026-04-10 11:47:12,477 [INFO] PluginManager:220 - loadIPPluginJar : add plateformsettings
2026-04-10 11:47:12,479 [INFO] IPUIPlugin:80 - create IPUIPlugin
2026-04-10 11:47:12,479 [INFO] PluginManager:220 - loadIPPluginJar : add quadspi
2026-04-10 11:47:12,481 [INFO] IPUIPlugin:80 - create IPUIPlugin
2026-04-10 11:47:12,482 [INFO] PluginManager:220 - loadIPPluginJar : add radio
2026-04-10 11:47:12,486 [INFO] IPUIPlugin:80 - create IPUIPlugin
2026-04-10 11:47:12,486 [INFO] PluginManager:220 - loadIPPluginJar : add resmgrutility
2026-04-10 11:47:12,488 [INFO] IPUIPlugin:80 - create IPUIPlugin
2026-04-10 11:47:12,488 [INFO] PluginManager:220 - loadIPPluginJar : add sai
2026-04-10 11:47:12,491 [INFO] IPUIPlugin:80 - create IPUIPlugin
2026-04-10 11:47:12,491 [INFO] PluginManager:220 - loadIPPluginJar : add spi
2026-04-10 11:47:12,498 [INFO] IPUIPlugin:80 - create IPUIPlugin
2026-04-10 11:47:12,498 [INFO] PluginManager:220 - loadIPPluginJar : add stm32_wpan
2026-04-10 11:47:12,499 [INFO] IPUIPlugin:80 - create IPUIPlugin
2026-04-10 11:47:12,499 [INFO] PluginManager:220 - loadIPPluginJar : add tim
2026-04-10 11:47:12,502 [INFO] IPUIPlugin:80 - create IPUIPlugin
2026-04-10 11:47:12,502 [INFO] PluginManager:220 - loadIPPluginJar : add touchsensing
2026-04-10 11:47:12,503 [INFO] IPUIPlugin:80 - create IPUIPlugin
2026-04-10 11:47:12,504 [INFO] PluginManager:220 - loadIPPluginJar : add tracer_emb
2026-04-10 11:47:12,505 [INFO] IPUIPlugin:80 - create IPUIPlugin
2026-04-10 11:47:12,505 [INFO] PluginManager:220 - loadIPPluginJar : add ts
2026-04-10 11:47:12,507 [INFO] IPUIPlugin:80 - create IPUIPlugin
2026-04-10 11:47:12,507 [INFO] PluginManager:220 - loadIPPluginJar : add tsc
2026-04-10 11:47:12,508 [INFO] IPUIPlugin:80 - create IPUIPlugin
2026-04-10 11:47:12,508 [INFO] PluginManager:220 - loadIPPluginJar : add ucpd
2026-04-10 11:47:12,511 [INFO] IPUIPlugin:80 - create IPUIPlugin
2026-04-10 11:47:12,511 [INFO] PluginManager:220 - loadIPPluginJar : add usart
2026-04-10 11:47:12,513 [INFO] IPUIPlugin:80 - create IPUIPlugin
2026-04-10 11:47:12,514 [INFO] PluginManager:220 - loadIPPluginJar : add usbx
2026-04-10 11:47:12,633 [FATAL] Updater:351 - Updater called before beeing initialized
2026-04-10 11:47:12,654 [INFO] RulesReader:64 - Compatibility file has been processed (317 Rules)
2026-04-10 11:47:12,663 [INFO] RulesReader:64 - Compatibility file has been processed (317 Rules)
2026-04-10 11:47:12,672 [INFO] CADModel:165 - CPN selected for project level
2026-04-10 11:47:12,672 [INFO] CADModel:114 - Register for checkConnection events
2026-04-10 11:47:12,672 [FATAL] Updater:351 - Updater called before beeing initialized
2026-04-10 11:47:12,672 [ERROR] CADModel:125 - Updater not yet initialized, retry later 
2026-04-10 11:47:12,827 [FATAL] Updater:351 - Updater called before beeing initialized
2026-04-10 11:47:12,829 [INFO] CADModel:165 - CPN selected for project level
2026-04-10 11:47:12,829 [INFO] CADModel:114 - Register for checkConnection events
2026-04-10 11:47:12,829 [FATAL] Updater:351 - Updater called before beeing initialized
2026-04-10 11:47:12,829 [ERROR] CADModel:125 - Updater not yet initialized, retry later 
2026-04-10 11:47:12,832 [FATAL] Updater:351 - Updater called before beeing initialized
2026-04-10 11:47:12,967 [FATAL] Updater:351 - Updater called before beeing initialized
2026-04-10 11:47:12,971 [INFO] DbMcusAds:53 - JSON generation date=Thu Mar 05 14:32:52 WET 2026 (1772721172890)
2026-04-10 11:47:12,971 [FATAL] Updater:351 - Updater called before beeing initialized
2026-04-10 11:47:13,006 [WARN] DetailPanel:346 - Failed to get advertising image, set to default
2026-04-10 11:47:13,070 [FATAL] Updater:351 - Updater called before beeing initialized
2026-04-10 11:47:13,071 [FATAL] Updater:351 - Updater called before beeing initialized
2026-04-10 11:47:13,071 [FATAL] Updater:351 - Updater called before beeing initialized
2026-04-10 11:47:13,071 [WARN] DetailPanel:346 - Failed to get advertising image, set to default
2026-04-10 11:47:13,072 [FATAL] Updater:351 - Updater called before beeing initialized
2026-04-10 11:47:13,111 [ERROR] Updater:1198 - MainUpdater not yet initialized. External WinMGr cannot be set.
2026-04-10 11:47:13,112 [INFO] Updater:1134 - Updater Version found : 6.15.0
2026-04-10 11:47:13,126 [INFO] ApplicationProperties:184 - Using Application install path: C:\ST\STM32CubeIDE_1.19.0\STM32CubeIDE\plugins\com.st.stm32cube.common.mx_6.15.0.202507011659
2026-04-10 11:47:14,692 [ERROR] LogOutputStream:75 - [STDERR_REDIRECT] Apr 10, 2026 11:47:14 AM java.util.prefs.WindowsPreferences <init>
2026-04-10 11:47:14,693 [ERROR] LogOutputStream:75 - [STDERR_REDIRECT] WARNING: Could not open/create prefs root node Software\JavaSoft\Prefs at root 0xffffffff80000002. Windows RegCreateKeyEx(...) returned error code 5.
2026-04-10 11:47:14,693 [ERROR] LogOutputStream:75 - [STDERR_REDIRECT] 
2026-04-10 11:47:14,908 [INFO] ThirdPartyUpdaterWithRetryManager:70 - Updater plugin not ready yet. [2/15]
2026-04-10 11:47:15,033 [INFO] MainUpdater:2872 - connection check result : 10
2026-04-10 11:47:15,033 [INFO] MainUpdater:289 - Updater Check For Update Now.
2026-04-10 11:47:15,033 [INFO] MicroXplorer:498 - Change Database Version : DB.6.0.150
2026-04-10 11:47:15,045 [INFO] McuFinderGlobals:63 - Set McuFinder mode to 2 (CubeIDE integrated)
2026-04-10 11:47:15,046 [INFO] UserAuth:487 - Internet connection configuration mode: 1
2026-04-10 11:47:15,087 [INFO] JxBrowserEngine:152 - Initiate JxBrowser Engine with user profile folder
2026-04-10 11:47:15,219 [INFO] CheckServerUpdateThread:120 - End of CheckServer Thread
2026-04-10 11:47:16,025 [INFO] WebApp:169 - Instantiating new browser for Auth
2026-04-10 11:47:16,560 [INFO] WebApp:463 - Apply proxy settings
2026-04-10 11:47:16,561 [INFO] WebApp:548 - Chromium requires no authentication
2026-04-10 11:47:16,570 [INFO] WebApp:491 - Direct internet connection detected
2026-04-10 11:47:16,597 [INFO] WebApp:900 - Register for checkConnection events
2026-04-10 11:47:16,598 [INFO] WebApp:463 - Apply proxy settings
2026-04-10 11:47:16,598 [INFO] WebApp:548 - Chromium requires no authentication
2026-04-10 11:47:16,599 [INFO] WebApp:491 - Direct internet connection detected
2026-04-10 11:47:16,754 [INFO] WebApp:225 - Starting web application
2026-04-10 11:47:16,754 [INFO] WebApp:593 - Web application path used C:\ST\STM32CubeIDE_1.19.0\STM32CubeIDE\plugins\com.st.stm32cube.common.mx_6.15.0.202507011659\db\plugins\mcufinder\reactClient1\index.html
2026-04-10 11:47:16,848 [INFO] WebApp:191 - Connection restablished
2026-04-10 11:47:16,903 [INFO] UserAuth:487 - Internet connection configuration mode: 1
2026-04-10 11:47:18,140 [WARN] PackLoader:240 - Cannot read IP mode file for STMicroelectronics.X-CUBE-AZRTOS-H7.3.5.0
2026-04-10 11:47:18,151 [WARN] PackLoader:240 - Cannot read IP mode file for STMicroelectronics.FP-SNS-MOTENVWB1.1.4.0
2026-04-10 11:47:18,157 [WARN] PackLoader:240 - Cannot read IP mode file for STMicroelectronics.FP-ATR-ASTRA1.2.0.2
2026-04-10 11:47:18,160 [WARN] PackLoader:240 - Cannot read IP mode file for STMicroelectronics.FP-ATR-ASTRA1.2.0.1
2026-04-10 11:47:18,166 [WARN] PackLoader:240 - Cannot read IP mode file for STMicroelectronics.X-CUBE-SMBUS.2.1.0
2026-04-10 11:47:18,173 [WARN] PackLoader:240 - Cannot read IP mode file for STMicroelectronics.X-CUBE-WB05N.1.1.0
2026-04-10 11:47:18,178 [WARN] PackLoader:240 - Cannot read IP mode file for STMicroelectronics.X-CUBE-ST60.1.0.0
2026-04-10 11:47:18,196 [WARN] PackLoader:240 - Cannot read IP mode file for STMicroelectronics.X-CUBE-AZRTOS-F7.1.1.0
2026-04-10 11:47:18,203 [WARN] PackLoader:240 - Cannot read IP mode file for STMicroelectronics.FP-SNS-MOTENV1.5.1.0
2026-04-10 11:47:18,207 [WARN] PackLoader:240 - Cannot read IP mode file for STMicroelectronics.FP-SNS-FLIGHT1.5.0.2
2026-04-10 11:47:18,230 [WARN] PackLoader:240 - Cannot read IP mode file for Infineon.AIROC-Wi-Fi-Bluetooth-STM32.1.7.0
2026-04-10 11:47:18,254 [WARN] PackLoader:240 - Cannot read IP mode file for STMicroelectronics.X-CUBE-AZRTOS-H7.3.4.0
2026-04-10 11:47:18,292 [WARN] PackLoader:240 - Cannot read IP mode file for STMicroelectronics.X-CUBE-DISPLAY.3.0.0
2026-04-10 11:47:18,300 [WARN] PackLoader:240 - Cannot read IP mode file for STMicroelectronics.FP-SNS-MOTENVWB1.1.5.0
2026-04-10 11:47:18,304 [WARN] PackLoader:240 - Cannot read IP mode file for STMicroelectronics.X-CUBE-BLE1.7.0.0
2026-04-10 11:47:18,309 [WARN] PackLoader:240 - Cannot read IP mode file for STMicroelectronics.X-CUBE-NFC10.1.0.0
2026-04-10 11:47:18,321 [WARN] PackLoader:240 - Cannot read IP mode file for STMicroelectronics.X-CUBE-BLEMGR.4.0.0
2026-04-10 11:47:18,328 [WARN] PackLoader:240 - Cannot read IP mode file for STMicroelectronics.X-CUBE-ST60.1.1.0
2026-04-10 11:47:18,333 [WARN] PackLoader:240 - Cannot read IP mode file for emotas.I-CUBE-CANOPEN.1.3.0
2026-04-10 11:47:18,337 [WARN] PackLoader:240 - Cannot read IP mode file for STMicroelectronics.X-CUBE-GNSS1.7.1.0
2026-04-10 11:47:18,342 [WARN] PackLoader:240 - Cannot read IP mode file for STMicroelectronics.X-CUBE-AI.10.0.0
2026-04-10 11:47:18,349 [WARN] PackLoader:240 - Cannot read IP mode file for STMicroelectronics.FP-SNS-STBOX1.2.1.0
2026-04-10 11:47:18,355 [WARN] PackLoader:240 - Cannot read IP mode file for STMicroelectronics.FP-SNS-SMARTAG2.1.2.0
2026-04-10 11:47:18,358 [WARN] PackLoader:240 - Cannot read IP mode file for STMicroelectronics.FP-SNS-FLIGHT1.5.1.0
2026-04-10 11:47:18,395 [WARN] PackLoader:240 - Cannot read IP mode file for STMicroelectronics.X-CUBE-MEMS1.11.1.0
2026-04-10 11:47:18,707 [INFO] LogOutputStream:77 - [STDOUT_REDIRECT] 1 : Invalid condition id : UX_CORESTACK_Condition cause : null
2026-04-10 11:47:18,709 [INFO] LogOutputStream:77 - [STDOUT_REDIRECT] 1 : Invalid condition id : UX_CORESTACK_Condition cause : null
2026-04-10 11:47:18,710 [INFO] LogOutputStream:77 - [STDOUT_REDIRECT] 1 : Invalid condition id : UX_CORESTACK_Condition cause : null
2026-04-10 11:47:18,712 [INFO] LogOutputStream:77 - [STDOUT_REDIRECT] 1 : Invalid condition id : UX_CORESTACK_Condition cause : null
2026-04-10 11:47:18,713 [INFO] LogOutputStream:77 - [STDOUT_REDIRECT] 1 : Invalid condition id : UX_CORESTACK_Condition cause : null
2026-04-10 11:47:18,715 [WARN] PackLoader:240 - Cannot read IP mode file for STMicroelectronics.X-CUBE-AZRTOS-WL.2.0.0
2026-04-10 11:47:18,719 [WARN] PackLoader:240 - Cannot read IP mode file for STMicroelectronics.FP-SNS-MOTENV1.5.0.0
2026-04-10 11:47:18,737 [WARN] PackLoader:240 - Cannot read IP mode file for STMicroelectronics.X-CUBE-AZRTOS-H7RS.1.2.0
2026-04-10 11:47:18,743 [WARN] PackLoader:240 - Cannot read IP mode file for wolfSSL.I-CUBE-wolfMQTT.1.19.0
2026-04-10 11:47:18,751 [WARN] PackLoader:240 - Cannot read IP mode file for WES.I-CUBE-Cesium.1.3.0
2026-04-10 11:47:18,755 [WARN] PackLoader:240 - Cannot read IP mode file for STMicroelectronics.X-CUBE-BLE2.3.3.0
2026-04-10 11:47:18,770 [WARN] PackLoader:240 - Cannot read IP mode file for STMicroelectronics.X-CUBE-NFC9.1.0.0
2026-04-10 11:47:18,774 [WARN] PackLoader:240 - Cannot read IP mode file for STMicroelectronics.X-CUBE-BLE1.7.1.0
2026-04-10 11:47:18,778 [WARN] PackLoader:240 - Cannot read IP mode file for STMicroelectronics.X-CUBE-FREERTOS.1.4.0
2026-04-10 11:47:18,783 [WARN] PackLoader:240 - Cannot read IP mode file for STMicroelectronics.X-CUBE-EEPRMA1.5.2.0
2026-04-10 11:47:18,788 [WARN] PackLoader:240 - Cannot read IP mode file for STMicroelectronics.X-CUBE-ST67W61.1.1.0
2026-04-10 11:47:18,791 [WARN] PackLoader:240 - Cannot read IP mode file for STMicroelectronics.X-CUBE-AI.10.1.0
2026-04-10 11:47:18,821 [WARN] PackLoader:240 - Cannot read IP mode file for STMicroelectronics.X-CUBE-MEMS1.12.0.0
2026-04-10 11:47:19,008 [WARN] PackLoader:240 - Cannot read IP mode file for STMicroelectronics.X-CUBE-MEMS1.11.2.0
2026-04-10 11:47:19,154 [WARN] PackLoader:240 - Cannot read IP mode file for STMicroelectronics.X-CUBE-AZRTOS-G0.1.1.0
2026-04-10 11:47:19,160 [WARN] PackLoader:240 - Cannot read IP mode file for STMicroelectronics.X-CUBE-SAFEA1.1.2.2
2026-04-10 11:47:19,163 [WARN] PackLoader:240 - Cannot read IP mode file for STMicroelectronics.X-CUBE-NFC4.3.0.0
2026-04-10 11:47:19,169 [WARN] PackLoader:240 - Cannot read IP mode file for EmbeddedOffice.I-CUBE-FS-RTOS.1.0.1
2026-04-10 11:47:19,173 [WARN] PackLoader:240 - Cannot read IP mode file for STMicroelectronics.X-CUBE-WB05N.2.0.0
2026-04-10 11:47:19,177 [WARN] PackLoader:240 - Cannot read IP mode file for STMicroelectronics.X-CUBE-TCPP.4.2.0
2026-04-10 11:47:19,182 [WARN] PackLoader:240 - Cannot read IP mode file for RealThread.X-CUBE-RT-Thread_Nano.4.1.1
2026-04-10 11:47:19,185 [WARN] PackLoader:240 - Cannot read IP mode file for STMicroelectronics.FP-ATR-SIGFOX1.3.2.0
2026-04-10 11:47:19,188 [WARN] ConditionMgr:438 - getConditionDescription Invalid condition id : Cortex-A Device cause : null
2026-04-10 11:47:19,193 [WARN] ConditionMgr:1044 - genDependencies : Invalid condition id : Cortex-A Device cause : null
2026-04-10 11:47:19,193 [WARN] ConditionMgr:1044 - genDependencies : Invalid condition id : Cortex-A Device cause : null
2026-04-10 11:47:19,193 [WARN] ConditionMgr:1044 - genDependencies : Invalid condition id : Cortex-A Device cause : null
2026-04-10 11:47:19,197 [WARN] PackLoader:240 - Cannot read IP mode file for STMicroelectronics.X-CUBE-EEPRMA1.5.1.0
2026-04-10 11:47:19,201 [WARN] PackLoader:240 - Cannot read IP mode file for STMicroelectronics.X-CUBE-FREERTOS.1.5.0
2026-04-10 11:47:19,205 [WARN] PackLoader:240 - Cannot read IP mode file for wolfSSL.I-CUBE-wolfSSL.5.7.6
2026-04-10 11:47:19,209 [WARN] PackLoader:240 - Cannot read IP mode file for ITTIA_DB.I-CUBE-ITTIADB.8.9.0
2026-04-10 11:47:19,214 [WARN] PackLoader:240 - Cannot read IP mode file for STMicroelectronics.X-CUBE-NFC6.3.2.0
2026-04-10 11:47:19,222 [WARN] PackLoader:240 - Cannot read IP mode file for STMicroelectronics.X-CUBE-ST67W61.1.0.0
2026-04-10 11:47:19,225 [WARN] PackLoader:240 - Cannot read IP mode file for STMicroelectronics.X-CUBE-AI.10.2.0
2026-04-10 11:47:19,244 [WARN] PackLoader:240 - Cannot read IP mode file for SEGGER.I-CUBE-embOS.1.3.1
2026-04-10 11:47:19,273 [WARN] PackLoader:240 - Cannot read IP mode file for STMicroelectronics.X-CUBE-ALGOBUILD.1.4.0
2026-04-10 11:47:19,300 [WARN] PackLoader:240 - Cannot read IP mode file for STMicroelectronics.X-CUBE-MEMS1.11.3.0
2026-04-10 11:47:19,397 [WARN] PackLoader:240 - Cannot read IP mode file for STMicroelectronics.X-CUBE-PM33A1.1.0.0
2026-04-10 11:47:19,406 [WARN] PackLoader:240 - Cannot read IP mode file for STMicroelectronics.X-CUBE-AZRTOS-F4.1.1.0
2026-04-10 11:47:19,411 [WARN] PackLoader:240 - Cannot read IP mode file for Avnet-IotConnect.X-CUBE-IoTC-DA16k-PMOD.1.0.0
2026-04-10 11:47:19,414 [WARN] PackLoader:240 - Cannot read IP mode file for STMicroelectronics.X-CUBE-ISPU.2.1.0
2026-04-10 11:47:19,423 [WARN] PackLoader:240 - Cannot read IP mode file for STMicroelectronics.X-CUBE-IPS.3.2.0
2026-04-10 11:47:19,429 [WARN] PackLoader:240 - Cannot read IP mode file for STMicroelectronics.eDS-WB_DPC_TT-BIDIR.2.1.1
2026-04-10 11:47:19,434 [WARN] PackLoader:240 - Cannot read IP mode file for STMicroelectronics.X-CUBE-NFC12.1.0.0
2026-04-10 11:47:19,443 [WARN] PackLoader:240 - Cannot read IP mode file for STMicroelectronics.X-CUBE-AZRTOS-L5.2.0.0
2026-04-10 11:47:19,449 [WARN] PackLoader:240 - Cannot read IP mode file for STMicroelectronics.X-CUBE-NFC6.3.1.0
2026-04-10 11:47:19,454 [WARN] PackLoader:240 - Cannot read IP mode file for STMicroelectronics.X-CUBE-DPower.1.2.0
2026-04-10 11:47:19,458 [WARN] PackLoader:240 - Cannot read IP mode file for STMicroelectronics.eDS-WB_DPC_VIENNA.1.2.0
2026-04-10 11:47:19,460 [WARN] PackLoader:240 - Cannot read IP mode file for STMicroelectronics.eDS-WB_DPC_3PH2L-BIDIR.1.1.1
2026-04-10 11:47:19,463 [WARN] PackLoader:240 - Cannot read IP mode file for STMicroelectronics.X-CUBE-FREERTOS.1.3.1
2026-04-10 11:47:19,467 [WARN] PackLoader:240 - Cannot read IP mode file for STMicroelectronics.X-CUBE-FREERTOS.1.3.0
2026-04-10 11:47:19,471 [WARN] PackLoader:240 - Cannot read IP mode file for STMicroelectronics.X-CUBE-NFC7.1.0.1
2026-04-10 11:47:19,478 [WARN] PackLoader:240 - Cannot read IP mode file for STMicroelectronics.X-CUBE-TOUCHGFX.4.26.0
2026-04-10 11:47:19,482 [WARN] PackLoader:240 - Cannot read IP mode file for STMicroelectronics.X-CUBE-TOUCHGFX.4.26.1
2026-04-10 11:47:19,485 [WARN] PackLoader:240 - Cannot read IP mode file for STMicroelectronics.FP-SNS-STAIOTCFT.1.0.0
2026-04-10 11:47:19,488 [WARN] PackLoader:240 - Cannot read IP mode file for STMicroelectronics.X-CUBE-DPower.1.3.0
2026-04-10 11:47:19,503 [WARN] ConditionMgr:438 - getConditionDescription Invalid condition id : LAN8742 Phy interface Condition cause : null
2026-04-10 11:47:19,503 [WARN] PackLoader:240 - Cannot read IP mode file for STMicroelectronics.X-CUBE-AZRTOS-L4.2.0.0
2026-04-10 11:47:19,504 [WARN] ConditionMgr:1044 - genDependencies : Invalid condition id : LAN8742 Phy interface Condition cause : null
2026-04-10 11:47:19,505 [WARN] ConditionMgr:1044 - genDependencies : Invalid condition id : LAN8742 Phy interface Condition cause : null
2026-04-10 11:47:19,505 [WARN] ConditionMgr:1044 - genDependencies : Invalid condition id : LAN8742 Phy interface Condition cause : null
2026-04-10 11:47:19,513 [WARN] PackLoader:240 - Cannot read IP mode file for STMicroelectronics.X-CUBE-SFXS2LP1.4.0.0
2026-04-10 11:47:19,519 [WARN] PackLoader:240 - Cannot read IP mode file for STMicroelectronics.X-CUBE-ST67W61.1.2.0
2026-04-10 11:47:19,532 [WARN] PackLoader:240 - Cannot read IP mode file for STMicroelectronics.X-CUBE-AZRTOS-H7.3.3.0
2026-04-10 11:47:19,555 [WARN] PackLoader:240 - Cannot read IP mode file for STMicroelectronics.X-CUBE-BLEMGR.4.1.0
2026-04-10 11:47:19,566 [WARN] ConditionMgr:438 - getConditionDescription Invalid condition id : UX DEVICE CLASS RTOS Condition cause : null
2026-04-10 11:47:19,566 [WARN] ConditionMgr:438 - getConditionDescription Invalid condition id : UX DEVICE CLASS RTOS Condition cause : null
2026-04-10 11:47:19,567 [WARN] PackLoader:240 - Cannot read IP mode file for STMicroelectronics.X-CUBE-AZRTOS-WB.2.0.0
2026-04-10 11:47:19,567 [WARN] ConditionMgr:1044 - genDependencies : Invalid condition id : UX DEVICE CLASS RTOS Condition cause : null
2026-04-10 11:47:19,567 [WARN] ConditionMgr:1044 - genDependencies : Invalid condition id : UX DEVICE CLASS RTOS Condition cause : null
2026-04-10 11:47:19,568 [WARN] ConditionMgr:1044 - genDependencies : Invalid condition id : UX DEVICE CLASS RTOS Condition cause : null
2026-04-10 11:47:19,568 [WARN] ConditionMgr:1044 - genDependencies : Invalid condition id : UX DEVICE CLASS RTOS Condition cause : null
2026-04-10 11:47:19,568 [WARN] ConditionMgr:1044 - genDependencies : Invalid condition id : UX DEVICE CLASS RTOS Condition cause : null
2026-04-10 11:47:19,572 [WARN] PackLoader:240 - Cannot read IP mode file for STMicroelectronics.X-CUBE-GNSS1.7.0.1
2026-04-10 11:47:19,575 [WARN] PackLoader:240 - Cannot read IP mode file for STMicroelectronics.X-CUBE-TOUCHGFX.4.25.0
2026-04-10 11:47:19,578 [WARN] PackLoader:240 - Cannot read IP mode file for STMicroelectronics.FP-SNS-STBOX1.2.0.0
2026-04-10 11:47:19,584 [WARN] PackLoader:240 - Cannot read IP mode file for STMicroelectronics.X-CUBE-STSE01.2.0.0
2026-04-10 11:47:19,591 [WARN] PackLoader:240 - Cannot read IP mode file for STMicroelectronics.X-CUBE-SUBG2.5.0.0
2026-04-10 11:47:19,604 [WARN] PackLoader:240 - Cannot read IP mode file for STMicroelectronics.X-CUBE-AZRTOS-H7RS.1.1.0
2026-04-10 11:47:19,609 [WARN] PackLoader:240 - Cannot read IP mode file for Cesanta.I-CUBE-Mongoose.7.13.0
2026-04-10 11:47:19,617 [WARN] PackLoader:240 - Cannot read IP mode file for STMicroelectronics.X-CUBE-AZRTOS-G4.2.0.0
2026-04-10 11:47:19,620 [WARN] PackLoader:240 - Cannot read IP mode file for STMicroelectronics.X-CUBE-NFC7.2.0.0
2026-04-10 11:47:19,626 [WARN] PackLoader:240 - Cannot read IP mode file for STMicroelectronics.X-CUBE-IPS.3.1.0
2026-04-10 11:47:19,633 [WARN] PackLoader:240 - Cannot read IP mode file for STMicroelectronics.X-CUBE-ALS.1.0.2
2026-04-10 11:47:19,635 [WARN] PackLoader:240 - Cannot read IP mode file for STMicroelectronics.X-CUBE-TOUCHGFX.4.24.2
2026-04-10 11:47:19,639 [WARN] PackLoader:240 - Cannot read IP mode file for STMicroelectronics.X-CUBE-STSE01.1.0.0
2026-04-10 11:47:19,643 [WARN] PackLoader:240 - Cannot read IP mode file for wolfSSL.I-CUBE-wolfTPM.3.4.0
2026-04-10 11:47:19,647 [WARN] PackLoader:240 - Cannot read IP mode file for portGmbH.I-Cube-SoM-uGOAL.1.1.0
2026-04-10 11:47:19,657 [WARN] PackLoader:240 - Cannot read IP mode file for STMicroelectronics.X-CUBE-AZRTOS-H7RS.1.0.0
2026-04-10 11:47:19,664 [WARN] PackLoader:240 - Cannot read IP mode file for STMicroelectronics.X-CUBE-TOF1.3.4.2
2026-04-10 11:47:19,675 [WARN] PackLoader:240 - Cannot read IP mode file for STMicroelectronics.X-CUBE-TOF1.3.4.3
2026-04-10 11:47:19,684 [WARN] PackLoader:240 - Cannot read IP mode file for wolfSSL.I-CUBE-wolfSSH.1.4.17
2026-04-10 11:47:19,685 [INFO] ThirdParty:978 - Integrity check success = true
2026-04-10 11:47:19,685 [INFO] IntegrityCheckThread:100 - exiting critical section [integrity check]
2026-04-10 11:47:19,685 [INFO] IntegrityCheckThread:103 - End integrity checks thread
2026-04-10 12:04:19,562 [INFO] Activator:176 - 


2026-04-10 12:04:19,563 [INFO] Activator:177 - !SESSION log4j initialized
2026-04-10 12:04:24,405 [INFO] LogOutputStream:77 - [STDOUT_REDIRECT] 
2026-04-10 12:04:25,399 [INFO] ApplicationProperties:184 - Using Application install path: C:\ST\STM32CubeIDE_1.19.0\STM32CubeIDE\plugins\com.st.stm32cube.common.mx_6.15.0.202507011659
2026-04-10 12:04:25,411 [INFO] DbMcusXml:78 - Set database path to: C:\ST\STM32CubeIDE_1.19.0\STM32CubeIDE\plugins\com.st.stm32cube.common.mx_6.15.0.202507011659\\db\/mcu/
2026-04-10 12:04:25,412 [INFO] ApiDb:274 - Set plugin database path to: C:\ST\STM32CubeIDE_1.19.0\STM32CubeIDE\plugins\com.st.stm32cube.common.mx_6.15.0.202507011659\\db\/plugins/boardmanager/
2026-04-10 12:04:25,412 [WARN] ApiDb:259 - Overriding images path with different value:  => C:\ST\STM32CubeIDE_1.19.0\STM32CubeIDE\plugins\com.st.stm32cube.common.mx_6.15.0.202507011659\\db\/plugins/mcufinder/images/
2026-04-10 12:04:25,415 [INFO] ApiDb:250 - Set database path to: C:\Users\dylan\.stmcufinder\plugins\mcufinder//mcu/
2026-04-10 12:04:25,416 [INFO] DbMcusAds:125 - Set database path to: C:\Users\dylan\.stmcufinder\plugins\mcufinder//mcu/
2026-04-10 12:04:25,417 [INFO] CrossReferenceDbSqlite:203 - Set database path to: C:\Users\dylan\.stmcufinder\plugins\mcufinder//mcu/cs/
2026-04-10 12:04:25,503 [INFO] RulesReader:64 - Compatibility file has been processed (317 Rules)
2026-04-10 12:04:25,576 [INFO] DbMcusXml:78 - Set database path to: C:\ST\STM32CubeIDE_1.19.0\STM32CubeIDE\plugins\com.st.stm32cube.common.mx_6.15.0.202507011659\\db\/mcu/
2026-04-10 12:04:25,576 [INFO] ApiDb:274 - Set plugin database path to: C:\ST\STM32CubeIDE_1.19.0\STM32CubeIDE\plugins\com.st.stm32cube.common.mx_6.15.0.202507011659\\db\/plugins/boardmanager/
2026-04-10 12:04:25,576 [INFO] ApiDb:261 - Set plugin images path to: C:\ST\STM32CubeIDE_1.19.0\STM32CubeIDE\plugins\com.st.stm32cube.common.mx_6.15.0.202507011659\\db\/plugins/mcufinder/images/
2026-04-10 12:04:25,576 [WARN] DbFile:41 - Overriding database path with different value: C:\Users\dylan\.stmcufinder\plugins\mcufinder/ => C:\Users\dylan\.stmcufinder\plugins\mcufinder
2026-04-10 12:04:25,577 [INFO] ApiDb:250 - Set database path to: C:\Users\dylan\.stmcufinder\plugins\mcufinder//mcu/
2026-04-10 12:04:25,577 [WARN] DbFile:41 - Overriding database path with different value: C:\Users\dylan\.stmcufinder\plugins\mcufinder/ => C:\Users\dylan\.stmcufinder\plugins\mcufinder
2026-04-10 12:04:25,577 [INFO] DbMcusAds:125 - Set database path to: C:\Users\dylan\.stmcufinder\plugins\mcufinder//mcu/
2026-04-10 12:04:25,577 [WARN] DbFile:41 - Overriding database path with different value: C:\Users\dylan\.stmcufinder\plugins\mcufinder/ => C:\Users\dylan\.stmcufinder\plugins\mcufinder
2026-04-10 12:04:25,577 [WARN] DbFile:41 - Overriding database path with different value: C:\Users\dylan\.stmcufinder\plugins\mcufinder/ => C:\Users\dylan\.stmcufinder\plugins\mcufinder
2026-04-10 12:04:25,577 [INFO] CrossReferenceDbSqlite:203 - Set database path to: C:\Users\dylan\.stmcufinder\plugins\mcufinder//mcu/cs/
2026-04-10 12:04:25,627 [INFO] MainPanel:274 - HeapMemory: 268435456
2026-04-10 12:04:25,702 [INFO] DbMcusXml:78 - Set database path to: C:\ST\STM32CubeIDE_1.19.0\STM32CubeIDE\plugins\com.st.stm32cube.common.mx_6.15.0.202507011659\\db\/mcu/
2026-04-10 12:04:25,702 [INFO] ApiDb:274 - Set plugin database path to: C:\ST\STM32CubeIDE_1.19.0\STM32CubeIDE\plugins\com.st.stm32cube.common.mx_6.15.0.202507011659\\db\/plugins/boardmanager/
2026-04-10 12:04:25,702 [INFO] ApiDb:261 - Set plugin images path to: C:\ST\STM32CubeIDE_1.19.0\STM32CubeIDE\plugins\com.st.stm32cube.common.mx_6.15.0.202507011659\\db\/plugins/mcufinder/images/
2026-04-10 12:04:25,703 [WARN] DbFile:41 - Overriding database path with different value: C:\Users\dylan\.stmcufinder\plugins\mcufinder/ => C:\Users\dylan\.stmcufinder\plugins\mcufinder
2026-04-10 12:04:25,703 [INFO] ApiDb:250 - Set database path to: C:\Users\dylan\.stmcufinder\plugins\mcufinder//mcu/
2026-04-10 12:04:25,703 [WARN] DbFile:41 - Overriding database path with different value: C:\Users\dylan\.stmcufinder\plugins\mcufinder/ => C:\Users\dylan\.stmcufinder\plugins\mcufinder
2026-04-10 12:04:25,703 [INFO] DbMcusAds:125 - Set database path to: C:\Users\dylan\.stmcufinder\plugins\mcufinder//mcu/
2026-04-10 12:04:25,703 [WARN] DbFile:41 - Overriding database path with different value: C:\Users\dylan\.stmcufinder\plugins\mcufinder/ => C:\Users\dylan\.stmcufinder\plugins\mcufinder
2026-04-10 12:04:25,703 [WARN] DbFile:41 - Overriding database path with different value: C:\Users\dylan\.stmcufinder\plugins\mcufinder/ => C:\Users\dylan\.stmcufinder\plugins\mcufinder
2026-04-10 12:04:25,703 [INFO] CrossReferenceDbSqlite:203 - Set database path to: C:\Users\dylan\.stmcufinder\plugins\mcufinder//mcu/cs/
2026-04-10 12:04:25,718 [INFO] ApplicationProperties:184 - Using Application install path: C:\ST\STM32CubeIDE_1.19.0\STM32CubeIDE\plugins\com.st.stm32cube.common.mx_6.15.0.202507011659
2026-04-10 12:04:25,720 [INFO] PluginManage:196 - Search for loadable plugins [exclusion list=, ]
2026-04-10 12:04:25,721 [INFO] PluginManage:310 - Check plugin analytics
2026-04-10 12:04:25,888 [INFO] AnalyticsPlugin:253 - Accepted Software Licenses: 
2026-04-10 12:04:25,888 [INFO] AnalyticsPlugin:255 - Accepted CMSIS Pack Licenses: STMicroelectronics.X-CUBE-MEMS1.11.2.0,STMicroelectronics.X-CUBE-MEMS1.12.0.0
2026-04-10 12:04:25,888 [INFO] AnalyticsPlugin:257 - Accepted Firmware Licenses: FW.L4.1.18.0,FW.F4.1.28.0,FW.G0.1.6.0
2026-04-10 12:04:25,890 [INFO] PluginManage:359 - Loaded plugin analytics (category:tool,tabindex:-1)
2026-04-10 12:04:25,891 [INFO] PluginManage:310 - Check plugin cadmodel
2026-04-10 12:04:25,893 [INFO] CADModel:105 - Init CAD model plugin
2026-04-10 12:04:25,894 [INFO] PluginManage:359 - Loaded plugin cadmodel (category:power,tabindex:5)
2026-04-10 12:04:25,894 [INFO] PluginManage:310 - Check plugin clock
2026-04-10 12:04:25,899 [INFO] PluginManage:359 - Loaded plugin clock (category:base,tabindex:2)
2026-04-10 12:04:25,899 [INFO] PluginManage:310 - Check plugin ddr
2026-04-10 12:04:25,900 [INFO] PluginManage:359 - Loaded plugin ddr (category:tool,tabindex:6)
2026-04-10 12:04:25,900 [INFO] PluginManage:310 - Check plugin filemanager
2026-04-10 12:04:26,014 [INFO] PluginManage:359 - Loaded plugin filemanager (category:base,tabindex:10)
2026-04-10 12:04:26,014 [INFO] PluginManage:310 - Check plugin ipmanager
2026-04-10 12:04:26,019 [INFO] PluginManage:359 - Loaded plugin ipmanager (category:base,tabindex:5)
2026-04-10 12:04:26,019 [INFO] PluginManage:310 - Check plugin lpbam
2026-04-10 12:04:26,026 [INFO] PluginManage:359 - Loaded plugin lpbam (category:base,tabindex:0)
2026-04-10 12:04:26,026 [INFO] PluginManage:310 - Check plugin memorymap
2026-04-10 12:04:26,035 [INFO] PluginManage:359 - Loaded plugin memorymap (category:base,tabindex:4)
2026-04-10 12:04:26,035 [INFO] PluginManage:310 - Check plugin pinoutandconfiguration
2026-04-10 12:04:26,041 [INFO] PluginManage:359 - Loaded plugin pinoutandconfiguration (category:base,tabindex:1)
2026-04-10 12:04:26,041 [INFO] PluginManage:310 - Check plugin pinoutconfig
2026-04-10 12:04:26,114 [WARN] SupportedApi:132 - Cannot load RTOS API schema: s4s-elt-must-match.1: The content of 'definitions' must match (annotation?, (simpleType | complexType)?, (unique | key | keyref)*)). A problem was found starting at: attribute.
2026-04-10 12:04:26,206 [INFO] PluginManage:359 - Loaded plugin pinoutconfig (category:base,tabindex:0)
2026-04-10 12:04:26,206 [INFO] PluginManage:310 - Check plugin power
2026-04-10 12:04:26,212 [INFO] PluginManage:359 - Loaded plugin power (category:power,tabindex:4)
2026-04-10 12:04:26,212 [INFO] PluginManage:310 - Check plugin projectmanager
2026-04-10 12:04:26,225 [INFO] PluginManage:359 - Loaded plugin projectmanager (category:projectmanager,tabindex:4)
2026-04-10 12:04:26,225 [INFO] PluginManage:310 - Check plugin rif
2026-04-10 12:04:26,232 [INFO] PluginManage:359 - Loaded plugin rif (category:base,tabindex:3)
2026-04-10 12:04:26,232 [INFO] PluginManage:310 - Check plugin thirdparty
2026-04-10 12:04:26,337 [WARN] IntegrityCheckThread:84 - waiting for thirdparty lock release [integrity check]
2026-04-10 12:04:26,337 [INFO] IntegrityCheckThread:86 - entering critical section [integrity check]
2026-04-10 12:04:26,337 [INFO] ThirdPartyUpdaterWithRetryManager:70 - Updater plugin not ready yet. [1/15]
2026-04-10 12:04:26,338 [INFO] PluginManage:359 - Loaded plugin thirdparty (category:base,tabindex:-1)
2026-04-10 12:04:26,338 [INFO] PluginManage:310 - Check plugin tools
2026-04-10 12:04:26,342 [INFO] PluginManage:359 - Loaded plugin tools (category:base,tabindex:7)
2026-04-10 12:04:26,342 [INFO] PluginManage:310 - Check plugin tutovideos
2026-04-10 12:04:26,493 [INFO] PluginManage:359 - Loaded plugin tutovideos (category:base,tabindex:-1)
2026-04-10 12:04:26,493 [INFO] PluginManage:310 - Check plugin updater
2026-04-10 12:04:26,510 [INFO] PluginManage:359 - Loaded plugin updater (category:base,tabindex:12)
2026-04-10 12:04:26,510 [INFO] PluginManage:310 - Check plugin userauth
2026-04-10 12:04:26,513 [INFO] UserAuth:118 - Init User Auth plugin
2026-04-10 12:04:26,513 [INFO] PluginManage:359 - Loaded plugin userauth (category:base,tabindex:14)
2026-04-10 12:04:26,514 [INFO] PluginManage:283 - PluginManage : Loaded plugins [18]
2026-04-10 12:04:26,670 [INFO] PinOutPanel:1589 - setPackage(No Configuration,No Configuration)
2026-04-10 12:04:26,726 [INFO] CADModel:165 - CPN selected for project level
2026-04-10 12:04:26,726 [INFO] CADModel:114 - Register for checkConnection events
2026-04-10 12:04:26,737 [INFO] IPUIPlugin:80 - create IPUIPlugin
2026-04-10 12:04:26,737 [INFO] PluginManager:220 - loadIPPluginJar : add adc
2026-04-10 12:04:26,739 [INFO] IPUIPlugin:80 - create IPUIPlugin
2026-04-10 12:04:26,739 [INFO] PluginManager:220 - loadIPPluginJar : add aes
2026-04-10 12:04:26,741 [INFO] IPUIPlugin:80 - create IPUIPlugin
2026-04-10 12:04:26,741 [INFO] PluginManager:220 - loadIPPluginJar : add can
2026-04-10 12:04:26,742 [INFO] IPUIPlugin:80 - create IPUIPlugin
2026-04-10 12:04:26,742 [INFO] PluginManager:220 - loadIPPluginJar : add comp
2026-04-10 12:04:26,743 [INFO] IPUIPlugin:80 - create IPUIPlugin
2026-04-10 12:04:26,743 [INFO] PluginManager:220 - loadIPPluginJar : add cryp
2026-04-10 12:04:26,745 [INFO] IPUIPlugin:80 - create IPUIPlugin
2026-04-10 12:04:26,745 [INFO] PluginManager:220 - loadIPPluginJar : add ddr_ctrl_phy
2026-04-10 12:04:26,746 [INFO] IPUIPlugin:80 - create IPUIPlugin
2026-04-10 12:04:26,746 [INFO] PluginManager:220 - loadIPPluginJar : add dfsdm
2026-04-10 12:04:26,750 [INFO] IPUIPlugin:80 - create IPUIPlugin
2026-04-10 12:04:26,750 [INFO] PluginManager:220 - loadIPPluginJar : add dma
2026-04-10 12:04:26,751 [INFO] IPUIPlugin:80 - create IPUIPlugin
2026-04-10 12:04:26,751 [INFO] PluginManager:220 - loadIPPluginJar : add dma3
2026-04-10 12:04:26,753 [INFO] IPUIPlugin:80 - create IPUIPlugin
2026-04-10 12:04:26,753 [INFO] PluginManager:220 - loadIPPluginJar : add extmemmanager
2026-04-10 12:04:26,754 [INFO] IPUIPlugin:80 - create IPUIPlugin
2026-04-10 12:04:26,754 [INFO] PluginManager:220 - loadIPPluginJar : add fatfs
2026-04-10 12:04:26,756 [INFO] IPUIPlugin:80 - create IPUIPlugin
2026-04-10 12:04:26,757 [INFO] PluginManager:220 - loadIPPluginJar : add fmc
2026-04-10 12:04:26,760 [INFO] IPUIPlugin:80 - create IPUIPlugin
2026-04-10 12:04:26,760 [INFO] PluginManager:220 - loadIPPluginJar : add freertos
2026-04-10 12:04:26,761 [INFO] IPUIPlugin:80 - create IPUIPlugin
2026-04-10 12:04:26,761 [INFO] PluginManager:220 - loadIPPluginJar : add genericplugin
2026-04-10 12:04:26,762 [INFO] IPUIPlugin:80 - create IPUIPlugin
2026-04-10 12:04:26,762 [INFO] PluginManager:220 - loadIPPluginJar : add gfxmmu
2026-04-10 12:04:26,765 [INFO] IPUIPlugin:80 - create IPUIPlugin
2026-04-10 12:04:26,765 [INFO] PluginManager:220 - loadIPPluginJar : add gic
2026-04-10 12:04:26,767 [INFO] IPUIPlugin:80 - create IPUIPlugin
2026-04-10 12:04:26,767 [INFO] PluginManager:220 - loadIPPluginJar : add gpio
2026-04-10 12:04:26,768 [INFO] IPUIPlugin:80 - create IPUIPlugin
2026-04-10 12:04:26,768 [INFO] PluginManager:220 - loadIPPluginJar : add gtzc
2026-04-10 12:04:26,770 [INFO] IPUIPlugin:80 - create IPUIPlugin
2026-04-10 12:04:26,770 [INFO] PluginManager:220 - loadIPPluginJar : add hash
2026-04-10 12:04:26,771 [INFO] IPUIPlugin:80 - create IPUIPlugin
2026-04-10 12:04:26,771 [INFO] PluginManager:220 - loadIPPluginJar : add i2c
2026-04-10 12:04:26,772 [INFO] IPUIPlugin:80 - create IPUIPlugin
2026-04-10 12:04:26,772 [INFO] PluginManager:220 - loadIPPluginJar : add i2s
2026-04-10 12:04:26,774 [INFO] IPUIPlugin:80 - create IPUIPlugin
2026-04-10 12:04:26,774 [INFO] PluginManager:220 - loadIPPluginJar : add i3c
2026-04-10 12:04:26,776 [INFO] IPUIPlugin:80 - create IPUIPlugin
2026-04-10 12:04:26,776 [INFO] PluginManager:220 - loadIPPluginJar : add ipddr
2026-04-10 12:04:26,781 [INFO] IPUIPlugin:80 - create IPUIPlugin
2026-04-10 12:04:26,781 [INFO] PluginManager:220 - loadIPPluginJar : add linkedlist
2026-04-10 12:04:26,783 [INFO] IPUIPlugin:80 - create IPUIPlugin
2026-04-10 12:04:26,784 [INFO] PluginManager:220 - loadIPPluginJar : add lorawan
2026-04-10 12:04:26,784 [INFO] IPUIPlugin:80 - create IPUIPlugin
2026-04-10 12:04:26,784 [INFO] PluginManager:220 - loadIPPluginJar : add ltdc
2026-04-10 12:04:26,788 [INFO] IPUIPlugin:80 - create IPUIPlugin
2026-04-10 12:04:26,788 [INFO] PluginManager:220 - loadIPPluginJar : add mdma
2026-04-10 12:04:26,790 [INFO] IPUIPlugin:80 - create IPUIPlugin
2026-04-10 12:04:26,790 [INFO] PluginManager:220 - loadIPPluginJar : add nvic
2026-04-10 12:04:26,791 [INFO] IPUIPlugin:80 - create IPUIPlugin
2026-04-10 12:04:26,791 [INFO] PluginManager:220 - loadIPPluginJar : add opamp
2026-04-10 12:04:26,793 [INFO] IPUIPlugin:80 - create IPUIPlugin
2026-04-10 12:04:26,793 [INFO] PluginManager:220 - loadIPPluginJar : add openamp
2026-04-10 12:04:26,795 [INFO] IPUIPlugin:80 - create IPUIPlugin
2026-04-10 12:04:26,795 [INFO] PluginManager:220 - loadIPPluginJar : add pdm2pcm
2026-04-10 12:04:26,798 [INFO] IPUIPlugin:80 - create IPUIPlugin
2026-04-10 12:04:26,800 [INFO] PluginManager:220 - loadIPPluginJar : add plateformsettings
2026-04-10 12:04:26,801 [INFO] IPUIPlugin:80 - create IPUIPlugin
2026-04-10 12:04:26,801 [INFO] PluginManager:220 - loadIPPluginJar : add quadspi
2026-04-10 12:04:26,802 [INFO] IPUIPlugin:80 - create IPUIPlugin
2026-04-10 12:04:26,802 [INFO] PluginManager:220 - loadIPPluginJar : add radio
2026-04-10 12:04:26,804 [INFO] IPUIPlugin:80 - create IPUIPlugin
2026-04-10 12:04:26,804 [INFO] PluginManager:220 - loadIPPluginJar : add resmgrutility
2026-04-10 12:04:26,806 [INFO] IPUIPlugin:80 - create IPUIPlugin
2026-04-10 12:04:26,806 [INFO] PluginManager:220 - loadIPPluginJar : add sai
2026-04-10 12:04:26,808 [INFO] IPUIPlugin:80 - create IPUIPlugin
2026-04-10 12:04:26,808 [INFO] PluginManager:220 - loadIPPluginJar : add spi
2026-04-10 12:04:26,812 [INFO] IPUIPlugin:80 - create IPUIPlugin
2026-04-10 12:04:26,812 [INFO] PluginManager:220 - loadIPPluginJar : add stm32_wpan
2026-04-10 12:04:26,813 [INFO] IPUIPlugin:80 - create IPUIPlugin
2026-04-10 12:04:26,813 [INFO] PluginManager:220 - loadIPPluginJar : add tim
2026-04-10 12:04:26,815 [INFO] IPUIPlugin:80 - create IPUIPlugin
2026-04-10 12:04:26,815 [INFO] PluginManager:220 - loadIPPluginJar : add touchsensing
2026-04-10 12:04:26,816 [INFO] IPUIPlugin:80 - create IPUIPlugin
2026-04-10 12:04:26,816 [INFO] PluginManager:220 - loadIPPluginJar : add tracer_emb
2026-04-10 12:04:26,817 [INFO] IPUIPlugin:80 - create IPUIPlugin
2026-04-10 12:04:26,817 [INFO] PluginManager:220 - loadIPPluginJar : add ts
2026-04-10 12:04:26,818 [INFO] IPUIPlugin:80 - create IPUIPlugin
2026-04-10 12:04:26,818 [INFO] PluginManager:220 - loadIPPluginJar : add tsc
2026-04-10 12:04:26,819 [INFO] IPUIPlugin:80 - create IPUIPlugin
2026-04-10 12:04:26,819 [INFO] PluginManager:220 - loadIPPluginJar : add ucpd
2026-04-10 12:04:26,821 [INFO] IPUIPlugin:80 - create IPUIPlugin
2026-04-10 12:04:26,821 [INFO] PluginManager:220 - loadIPPluginJar : add usart
2026-04-10 12:04:26,823 [INFO] IPUIPlugin:80 - create IPUIPlugin
2026-04-10 12:04:26,823 [INFO] PluginManager:220 - loadIPPluginJar : add usbx
2026-04-10 12:04:26,933 [FATAL] Updater:351 - Updater called before beeing initialized
2026-04-10 12:04:26,951 [INFO] RulesReader:64 - Compatibility file has been processed (317 Rules)
2026-04-10 12:04:26,960 [INFO] RulesReader:64 - Compatibility file has been processed (317 Rules)
2026-04-10 12:04:26,970 [INFO] CADModel:165 - CPN selected for project level
2026-04-10 12:04:26,970 [INFO] CADModel:114 - Register for checkConnection events
2026-04-10 12:04:26,970 [FATAL] Updater:351 - Updater called before beeing initialized
2026-04-10 12:04:26,970 [ERROR] CADModel:125 - Updater not yet initialized, retry later 
2026-04-10 12:04:27,103 [FATAL] Updater:351 - Updater called before beeing initialized
2026-04-10 12:04:27,104 [INFO] CADModel:165 - CPN selected for project level
2026-04-10 12:04:27,104 [INFO] CADModel:114 - Register for checkConnection events
2026-04-10 12:04:27,104 [FATAL] Updater:351 - Updater called before beeing initialized
2026-04-10 12:04:27,104 [ERROR] CADModel:125 - Updater not yet initialized, retry later 
2026-04-10 12:04:27,107 [FATAL] Updater:351 - Updater called before beeing initialized
2026-04-10 12:04:27,227 [FATAL] Updater:351 - Updater called before beeing initialized
2026-04-10 12:04:27,236 [INFO] DbMcusAds:53 - JSON generation date=Thu Mar 05 14:32:52 WET 2026 (1772721172890)
2026-04-10 12:04:27,236 [FATAL] Updater:351 - Updater called before beeing initialized
2026-04-10 12:04:27,266 [WARN] DetailPanel:346 - Failed to get advertising image, set to default
2026-04-10 12:04:27,329 [FATAL] Updater:351 - Updater called before beeing initialized
2026-04-10 12:04:27,330 [FATAL] Updater:351 - Updater called before beeing initialized
2026-04-10 12:04:27,330 [FATAL] Updater:351 - Updater called before beeing initialized
2026-04-10 12:04:27,331 [WARN] DetailPanel:346 - Failed to get advertising image, set to default
2026-04-10 12:04:27,331 [FATAL] Updater:351 - Updater called before beeing initialized
2026-04-10 12:04:27,363 [ERROR] Updater:1198 - MainUpdater not yet initialized. External WinMGr cannot be set.
2026-04-10 12:04:27,364 [INFO] Updater:1134 - Updater Version found : 6.15.0
2026-04-10 12:04:27,375 [INFO] ApplicationProperties:184 - Using Application install path: C:\ST\STM32CubeIDE_1.19.0\STM32CubeIDE\plugins\com.st.stm32cube.common.mx_6.15.0.202507011659
2026-04-10 12:04:28,940 [ERROR] LogOutputStream:75 - [STDERR_REDIRECT] Apr 10, 2026 12:04:28 PM java.util.prefs.WindowsPreferences <init>
2026-04-10 12:04:28,941 [ERROR] LogOutputStream:75 - [STDERR_REDIRECT] WARNING: Could not open/create prefs root node Software\JavaSoft\Prefs at root 0xffffffff80000002. Windows RegCreateKeyEx(...) returned error code 5.
2026-04-10 12:04:28,941 [ERROR] LogOutputStream:75 - [STDERR_REDIRECT] 
2026-04-10 12:04:29,231 [INFO] MainUpdater:2872 - connection check result : 10
2026-04-10 12:04:29,231 [INFO] MainUpdater:289 - Updater Check For Update Now.
2026-04-10 12:04:29,232 [INFO] MicroXplorer:498 - Change Database Version : DB.6.0.150
2026-04-10 12:04:29,236 [INFO] McuFinderGlobals:63 - Set McuFinder mode to 2 (CubeIDE integrated)
2026-04-10 12:04:29,237 [INFO] UserAuth:487 - Internet connection configuration mode: 1
2026-04-10 12:04:29,276 [INFO] JxBrowserEngine:152 - Initiate JxBrowser Engine with user profile folder
2026-04-10 12:04:29,338 [WARN] MainUpdater:1193 - Updater busy. Cannot search thirdparties
2026-04-10 12:04:29,338 [INFO] ThirdPartyUpdaterWithRetryManager:96 - Updater plugin is busy. [1/15]
2026-04-10 12:04:29,415 [INFO] CheckServerUpdateThread:120 - End of CheckServer Thread
2026-04-10 12:04:29,994 [INFO] WebApp:169 - Instantiating new browser for Auth
2026-04-10 12:04:30,470 [INFO] WebApp:463 - Apply proxy settings
2026-04-10 12:04:30,471 [INFO] WebApp:548 - Chromium requires no authentication
2026-04-10 12:04:30,477 [INFO] WebApp:491 - Direct internet connection detected
2026-04-10 12:04:30,489 [INFO] WebApp:900 - Register for checkConnection events
2026-04-10 12:04:30,489 [INFO] WebApp:463 - Apply proxy settings
2026-04-10 12:04:30,489 [INFO] WebApp:548 - Chromium requires no authentication
2026-04-10 12:04:30,489 [INFO] WebApp:491 - Direct internet connection detected
2026-04-10 12:04:30,583 [INFO] WebApp:225 - Starting web application
2026-04-10 12:04:30,583 [INFO] WebApp:593 - Web application path used C:\ST\STM32CubeIDE_1.19.0\STM32CubeIDE\plugins\com.st.stm32cube.common.mx_6.15.0.202507011659\db\plugins\mcufinder\reactClient1\index.html
2026-04-10 12:04:30,698 [INFO] UserAuth:487 - Internet connection configuration mode: 1
2026-04-10 12:04:30,763 [INFO] WebApp:191 - Connection restablished
2026-04-10 12:04:32,616 [WARN] PackLoader:240 - Cannot read IP mode file for STMicroelectronics.X-CUBE-AZRTOS-H7.3.5.0
2026-04-10 12:04:32,627 [WARN] PackLoader:240 - Cannot read IP mode file for STMicroelectronics.FP-SNS-MOTENVWB1.1.4.0
2026-04-10 12:04:32,632 [WARN] PackLoader:240 - Cannot read IP mode file for STMicroelectronics.FP-ATR-ASTRA1.2.0.2
2026-04-10 12:04:32,635 [WARN] PackLoader:240 - Cannot read IP mode file for STMicroelectronics.FP-ATR-ASTRA1.2.0.1
2026-04-10 12:04:32,643 [WARN] PackLoader:240 - Cannot read IP mode file for STMicroelectronics.X-CUBE-SMBUS.2.1.0
2026-04-10 12:04:32,650 [WARN] PackLoader:240 - Cannot read IP mode file for STMicroelectronics.X-CUBE-WB05N.1.1.0
2026-04-10 12:04:32,654 [WARN] PackLoader:240 - Cannot read IP mode file for STMicroelectronics.X-CUBE-ST60.1.0.0
2026-04-10 12:04:32,670 [WARN] PackLoader:240 - Cannot read IP mode file for STMicroelectronics.X-CUBE-AZRTOS-F7.1.1.0
2026-04-10 12:04:32,677 [WARN] PackLoader:240 - Cannot read IP mode file for STMicroelectronics.FP-SNS-MOTENV1.5.1.0
2026-04-10 12:04:32,682 [WARN] PackLoader:240 - Cannot read IP mode file for STMicroelectronics.FP-SNS-FLIGHT1.5.0.2
2026-04-10 12:04:32,707 [WARN] PackLoader:240 - Cannot read IP mode file for Infineon.AIROC-Wi-Fi-Bluetooth-STM32.1.7.0
2026-04-10 12:04:32,729 [WARN] PackLoader:240 - Cannot read IP mode file for STMicroelectronics.X-CUBE-AZRTOS-H7.3.4.0
2026-04-10 12:04:32,736 [WARN] PackLoader:240 - Cannot read IP mode file for STMicroelectronics.X-CUBE-DISPLAY.3.0.0
2026-04-10 12:04:32,741 [WARN] PackLoader:240 - Cannot read IP mode file for STMicroelectronics.FP-SNS-MOTENVWB1.1.5.0
2026-04-10 12:04:32,745 [WARN] PackLoader:240 - Cannot read IP mode file for STMicroelectronics.X-CUBE-BLE1.7.0.0
2026-04-10 12:04:32,749 [WARN] PackLoader:240 - Cannot read IP mode file for STMicroelectronics.X-CUBE-NFC10.1.0.0
2026-04-10 12:04:32,756 [WARN] PackLoader:240 - Cannot read IP mode file for STMicroelectronics.X-CUBE-BLEMGR.4.0.0
2026-04-10 12:04:32,761 [WARN] PackLoader:240 - Cannot read IP mode file for STMicroelectronics.X-CUBE-ST60.1.1.0
2026-04-10 12:04:32,765 [WARN] PackLoader:240 - Cannot read IP mode file for emotas.I-CUBE-CANOPEN.1.3.0
2026-04-10 12:04:32,768 [WARN] PackLoader:240 - Cannot read IP mode file for STMicroelectronics.X-CUBE-GNSS1.7.1.0
2026-04-10 12:04:32,771 [WARN] PackLoader:240 - Cannot read IP mode file for STMicroelectronics.X-CUBE-AI.10.0.0
2026-04-10 12:04:32,775 [WARN] PackLoader:240 - Cannot read IP mode file for STMicroelectronics.FP-SNS-STBOX1.2.1.0
2026-04-10 12:04:32,779 [WARN] PackLoader:240 - Cannot read IP mode file for STMicroelectronics.FP-SNS-SMARTAG2.1.2.0
2026-04-10 12:04:32,781 [WARN] PackLoader:240 - Cannot read IP mode file for STMicroelectronics.FP-SNS-FLIGHT1.5.1.0
2026-04-10 12:04:32,808 [WARN] PackLoader:240 - Cannot read IP mode file for STMicroelectronics.X-CUBE-MEMS1.11.1.0
2026-04-10 12:04:33,137 [INFO] LogOutputStream:77 - [STDOUT_REDIRECT] 1 : Invalid condition id : UX_CORESTACK_Condition cause : null
2026-04-10 12:04:33,139 [INFO] LogOutputStream:77 - [STDOUT_REDIRECT] 1 : Invalid condition id : UX_CORESTACK_Condition cause : null
2026-04-10 12:04:33,140 [INFO] LogOutputStream:77 - [STDOUT_REDIRECT] 1 : Invalid condition id : UX_CORESTACK_Condition cause : null
2026-04-10 12:04:33,142 [INFO] LogOutputStream:77 - [STDOUT_REDIRECT] 1 : Invalid condition id : UX_CORESTACK_Condition cause : null
2026-04-10 12:04:33,143 [INFO] LogOutputStream:77 - [STDOUT_REDIRECT] 1 : Invalid condition id : UX_CORESTACK_Condition cause : null
2026-04-10 12:04:33,145 [WARN] PackLoader:240 - Cannot read IP mode file for STMicroelectronics.X-CUBE-AZRTOS-WL.2.0.0
2026-04-10 12:04:33,148 [WARN] PackLoader:240 - Cannot read IP mode file for STMicroelectronics.FP-SNS-MOTENV1.5.0.0
2026-04-10 12:04:33,159 [WARN] PackLoader:240 - Cannot read IP mode file for STMicroelectronics.X-CUBE-AZRTOS-H7RS.1.2.0
2026-04-10 12:04:33,164 [WARN] PackLoader:240 - Cannot read IP mode file for wolfSSL.I-CUBE-wolfMQTT.1.19.0
2026-04-10 12:04:33,171 [WARN] PackLoader:240 - Cannot read IP mode file for WES.I-CUBE-Cesium.1.3.0
2026-04-10 12:04:33,174 [WARN] PackLoader:240 - Cannot read IP mode file for STMicroelectronics.X-CUBE-BLE2.3.3.0
2026-04-10 12:04:33,187 [WARN] PackLoader:240 - Cannot read IP mode file for STMicroelectronics.X-CUBE-NFC9.1.0.0
2026-04-10 12:04:33,191 [WARN] PackLoader:240 - Cannot read IP mode file for STMicroelectronics.X-CUBE-BLE1.7.1.0
2026-04-10 12:04:33,194 [WARN] PackLoader:240 - Cannot read IP mode file for STMicroelectronics.X-CUBE-FREERTOS.1.4.0
2026-04-10 12:04:33,199 [WARN] PackLoader:240 - Cannot read IP mode file for STMicroelectronics.X-CUBE-EEPRMA1.5.2.0
2026-04-10 12:04:33,203 [WARN] PackLoader:240 - Cannot read IP mode file for STMicroelectronics.X-CUBE-ST67W61.1.1.0
2026-04-10 12:04:33,206 [WARN] PackLoader:240 - Cannot read IP mode file for STMicroelectronics.X-CUBE-AI.10.1.0
2026-04-10 12:04:33,231 [WARN] PackLoader:240 - Cannot read IP mode file for STMicroelectronics.X-CUBE-MEMS1.12.0.0
2026-04-10 12:04:33,375 [WARN] PackLoader:240 - Cannot read IP mode file for STMicroelectronics.X-CUBE-MEMS1.11.2.0
2026-04-10 12:04:33,559 [WARN] PackLoader:240 - Cannot read IP mode file for STMicroelectronics.X-CUBE-AZRTOS-G0.1.1.0
2026-04-10 12:04:33,565 [WARN] PackLoader:240 - Cannot read IP mode file for STMicroelectronics.X-CUBE-SAFEA1.1.2.2
2026-04-10 12:04:33,569 [WARN] PackLoader:240 - Cannot read IP mode file for STMicroelectronics.X-CUBE-NFC4.3.0.0
2026-04-10 12:04:33,576 [WARN] PackLoader:240 - Cannot read IP mode file for EmbeddedOffice.I-CUBE-FS-RTOS.1.0.1
2026-04-10 12:04:33,579 [WARN] PackLoader:240 - Cannot read IP mode file for STMicroelectronics.X-CUBE-WB05N.2.0.0
2026-04-10 12:04:33,587 [WARN] PackLoader:240 - Cannot read IP mode file for STMicroelectronics.X-CUBE-TCPP.4.2.0
2026-04-10 12:04:33,591 [WARN] PackLoader:240 - Cannot read IP mode file for RealThread.X-CUBE-RT-Thread_Nano.4.1.1
2026-04-10 12:04:33,594 [WARN] PackLoader:240 - Cannot read IP mode file for STMicroelectronics.FP-ATR-SIGFOX1.3.2.0
2026-04-10 12:04:33,597 [WARN] ConditionMgr:438 - getConditionDescription Invalid condition id : Cortex-A Device cause : null
2026-04-10 12:04:33,602 [WARN] ConditionMgr:1044 - genDependencies : Invalid condition id : Cortex-A Device cause : null
2026-04-10 12:04:33,602 [WARN] ConditionMgr:1044 - genDependencies : Invalid condition id : Cortex-A Device cause : null
2026-04-10 12:04:33,602 [WARN] ConditionMgr:1044 - genDependencies : Invalid condition id : Cortex-A Device cause : null
2026-04-10 12:04:33,605 [WARN] PackLoader:240 - Cannot read IP mode file for STMicroelectronics.X-CUBE-EEPRMA1.5.1.0
2026-04-10 12:04:33,608 [WARN] PackLoader:240 - Cannot read IP mode file for STMicroelectronics.X-CUBE-FREERTOS.1.5.0
2026-04-10 12:04:33,611 [WARN] PackLoader:240 - Cannot read IP mode file for wolfSSL.I-CUBE-wolfSSL.5.7.6
2026-04-10 12:04:33,615 [WARN] PackLoader:240 - Cannot read IP mode file for ITTIA_DB.I-CUBE-ITTIADB.8.9.0
2026-04-10 12:04:33,619 [WARN] PackLoader:240 - Cannot read IP mode file for STMicroelectronics.X-CUBE-NFC6.3.2.0
2026-04-10 12:04:33,627 [WARN] PackLoader:240 - Cannot read IP mode file for STMicroelectronics.X-CUBE-ST67W61.1.0.0
2026-04-10 12:04:33,630 [WARN] PackLoader:240 - Cannot read IP mode file for STMicroelectronics.X-CUBE-AI.10.2.0
2026-04-10 12:04:33,647 [WARN] PackLoader:240 - Cannot read IP mode file for SEGGER.I-CUBE-embOS.1.3.1
2026-04-10 12:04:33,682 [WARN] PackLoader:240 - Cannot read IP mode file for STMicroelectronics.X-CUBE-ALGOBUILD.1.4.0
2026-04-10 12:04:33,717 [WARN] PackLoader:240 - Cannot read IP mode file for STMicroelectronics.X-CUBE-MEMS1.11.3.0
2026-04-10 12:04:33,791 [WARN] PackLoader:240 - Cannot read IP mode file for STMicroelectronics.X-CUBE-PM33A1.1.0.0
2026-04-10 12:04:33,801 [WARN] PackLoader:240 - Cannot read IP mode file for STMicroelectronics.X-CUBE-AZRTOS-F4.1.1.0
2026-04-10 12:04:33,805 [WARN] PackLoader:240 - Cannot read IP mode file for Avnet-IotConnect.X-CUBE-IoTC-DA16k-PMOD.1.0.0
2026-04-10 12:04:33,808 [WARN] PackLoader:240 - Cannot read IP mode file for STMicroelectronics.X-CUBE-ISPU.2.1.0
2026-04-10 12:04:33,815 [WARN] PackLoader:240 - Cannot read IP mode file for STMicroelectronics.X-CUBE-IPS.3.2.0
2026-04-10 12:04:33,824 [WARN] PackLoader:240 - Cannot read IP mode file for STMicroelectronics.eDS-WB_DPC_TT-BIDIR.2.1.1
2026-04-10 12:04:33,828 [WARN] PackLoader:240 - Cannot read IP mode file for STMicroelectronics.X-CUBE-NFC12.1.0.0
2026-04-10 12:04:33,838 [WARN] PackLoader:240 - Cannot read IP mode file for STMicroelectronics.X-CUBE-AZRTOS-L5.2.0.0
2026-04-10 12:04:33,843 [WARN] PackLoader:240 - Cannot read IP mode file for STMicroelectronics.X-CUBE-NFC6.3.1.0
2026-04-10 12:04:33,847 [WARN] PackLoader:240 - Cannot read IP mode file for STMicroelectronics.X-CUBE-DPower.1.2.0
2026-04-10 12:04:33,849 [WARN] PackLoader:240 - Cannot read IP mode file for STMicroelectronics.eDS-WB_DPC_VIENNA.1.2.0
2026-04-10 12:04:33,851 [WARN] PackLoader:240 - Cannot read IP mode file for STMicroelectronics.eDS-WB_DPC_3PH2L-BIDIR.1.1.1
2026-04-10 12:04:33,855 [WARN] PackLoader:240 - Cannot read IP mode file for STMicroelectronics.X-CUBE-FREERTOS.1.3.1
2026-04-10 12:04:33,858 [WARN] PackLoader:240 - Cannot read IP mode file for STMicroelectronics.X-CUBE-FREERTOS.1.3.0
2026-04-10 12:04:33,861 [WARN] PackLoader:240 - Cannot read IP mode file for STMicroelectronics.X-CUBE-NFC7.1.0.1
2026-04-10 12:04:33,868 [WARN] PackLoader:240 - Cannot read IP mode file for STMicroelectronics.X-CUBE-TOUCHGFX.4.26.0
2026-04-10 12:04:33,870 [WARN] PackLoader:240 - Cannot read IP mode file for STMicroelectronics.X-CUBE-TOUCHGFX.4.26.1
2026-04-10 12:04:33,874 [WARN] PackLoader:240 - Cannot read IP mode file for STMicroelectronics.FP-SNS-STAIOTCFT.1.0.0
2026-04-10 12:04:33,877 [WARN] PackLoader:240 - Cannot read IP mode file for STMicroelectronics.X-CUBE-DPower.1.3.0
2026-04-10 12:04:33,888 [WARN] ConditionMgr:438 - getConditionDescription Invalid condition id : LAN8742 Phy interface Condition cause : null
2026-04-10 12:04:33,888 [WARN] PackLoader:240 - Cannot read IP mode file for STMicroelectronics.X-CUBE-AZRTOS-L4.2.0.0
2026-04-10 12:04:33,889 [WARN] ConditionMgr:1044 - genDependencies : Invalid condition id : LAN8742 Phy interface Condition cause : null
2026-04-10 12:04:33,889 [WARN] ConditionMgr:1044 - genDependencies : Invalid condition id : LAN8742 Phy interface Condition cause : null
2026-04-10 12:04:33,889 [WARN] ConditionMgr:1044 - genDependencies : Invalid condition id : LAN8742 Phy interface Condition cause : null
2026-04-10 12:04:33,894 [WARN] PackLoader:240 - Cannot read IP mode file for STMicroelectronics.X-CUBE-SFXS2LP1.4.0.0
2026-04-10 12:04:33,898 [WARN] PackLoader:240 - Cannot read IP mode file for STMicroelectronics.X-CUBE-ST67W61.1.2.0
2026-04-10 12:04:33,909 [WARN] PackLoader:240 - Cannot read IP mode file for STMicroelectronics.X-CUBE-AZRTOS-H7.3.3.0
2026-04-10 12:04:33,917 [WARN] PackLoader:240 - Cannot read IP mode file for STMicroelectronics.X-CUBE-BLEMGR.4.1.0
2026-04-10 12:04:33,925 [WARN] ConditionMgr:438 - getConditionDescription Invalid condition id : UX DEVICE CLASS RTOS Condition cause : null
2026-04-10 12:04:33,926 [WARN] ConditionMgr:438 - getConditionDescription Invalid condition id : UX DEVICE CLASS RTOS Condition cause : null
2026-04-10 12:04:33,927 [WARN] PackLoader:240 - Cannot read IP mode file for STMicroelectronics.X-CUBE-AZRTOS-WB.2.0.0
2026-04-10 12:04:33,927 [WARN] ConditionMgr:1044 - genDependencies : Invalid condition id : UX DEVICE CLASS RTOS Condition cause : null
2026-04-10 12:04:33,927 [WARN] ConditionMgr:1044 - genDependencies : Invalid condition id : UX DEVICE CLASS RTOS Condition cause : null
2026-04-10 12:04:33,927 [WARN] ConditionMgr:1044 - genDependencies : Invalid condition id : UX DEVICE CLASS RTOS Condition cause : null
2026-04-10 12:04:33,927 [WARN] ConditionMgr:1044 - genDependencies : Invalid condition id : UX DEVICE CLASS RTOS Condition cause : null
2026-04-10 12:04:33,928 [WARN] ConditionMgr:1044 - genDependencies : Invalid condition id : UX DEVICE CLASS RTOS Condition cause : null
2026-04-10 12:04:33,931 [WARN] PackLoader:240 - Cannot read IP mode file for STMicroelectronics.X-CUBE-GNSS1.7.0.1
2026-04-10 12:04:33,934 [WARN] PackLoader:240 - Cannot read IP mode file for STMicroelectronics.X-CUBE-TOUCHGFX.4.25.0
2026-04-10 12:04:33,937 [WARN] PackLoader:240 - Cannot read IP mode file for STMicroelectronics.FP-SNS-STBOX1.2.0.0
2026-04-10 12:04:33,943 [WARN] PackLoader:240 - Cannot read IP mode file for STMicroelectronics.X-CUBE-STSE01.2.0.0
2026-04-10 12:04:33,950 [WARN] PackLoader:240 - Cannot read IP mode file for STMicroelectronics.X-CUBE-SUBG2.5.0.0
2026-04-10 12:04:33,963 [WARN] PackLoader:240 - Cannot read IP mode file for STMicroelectronics.X-CUBE-AZRTOS-H7RS.1.1.0
2026-04-10 12:04:33,968 [WARN] PackLoader:240 - Cannot read IP mode file for Cesanta.I-CUBE-Mongoose.7.13.0
2026-04-10 12:04:33,976 [WARN] PackLoader:240 - Cannot read IP mode file for STMicroelectronics.X-CUBE-AZRTOS-G4.2.0.0
2026-04-10 12:04:33,980 [WARN] PackLoader:240 - Cannot read IP mode file for STMicroelectronics.X-CUBE-NFC7.2.0.0
2026-04-10 12:04:33,989 [WARN] PackLoader:240 - Cannot read IP mode file for STMicroelectronics.X-CUBE-IPS.3.1.0
2026-04-10 12:04:33,996 [WARN] PackLoader:240 - Cannot read IP mode file for STMicroelectronics.X-CUBE-ALS.1.0.2
2026-04-10 12:04:33,998 [WARN] PackLoader:240 - Cannot read IP mode file for STMicroelectronics.X-CUBE-TOUCHGFX.4.24.2
2026-04-10 12:04:34,002 [WARN] PackLoader:240 - Cannot read IP mode file for STMicroelectronics.X-CUBE-STSE01.1.0.0
2026-04-10 12:04:34,007 [WARN] PackLoader:240 - Cannot read IP mode file for wolfSSL.I-CUBE-wolfTPM.3.4.0
2026-04-10 12:04:34,012 [WARN] PackLoader:240 - Cannot read IP mode file for portGmbH.I-Cube-SoM-uGOAL.1.1.0
2026-04-10 12:04:34,022 [WARN] PackLoader:240 - Cannot read IP mode file for STMicroelectronics.X-CUBE-AZRTOS-H7RS.1.0.0
2026-04-10 12:04:34,030 [WARN] PackLoader:240 - Cannot read IP mode file for STMicroelectronics.X-CUBE-TOF1.3.4.2
2026-04-10 12:04:34,041 [WARN] PackLoader:240 - Cannot read IP mode file for STMicroelectronics.X-CUBE-TOF1.3.4.3
2026-04-10 12:04:34,050 [WARN] PackLoader:240 - Cannot read IP mode file for wolfSSL.I-CUBE-wolfSSH.1.4.17
2026-04-10 12:04:34,051 [INFO] ThirdParty:978 - Integrity check success = true
2026-04-10 12:04:34,051 [INFO] IntegrityCheckThread:100 - exiting critical section [integrity check]
2026-04-10 12:04:34,051 [INFO] IntegrityCheckThread:103 - End integrity checks thread
2026-04-10 12:26:48,566 [INFO] WebApp:194 - Connection lost
2026-04-10 12:28:35,976 [INFO] WebApp:191 - Connection restablished
2026-04-10 12:28:39,231 [INFO] WebApp:194 - Connection lost
2026-04-10 12:28:39,349 [INFO] WebApp:191 - Connection restablished
2026-04-10 12:29:46,733 [INFO] WebApp:194 - Connection lost
2026-04-10 12:30:22,884 [INFO] WebApp:191 - Connection restablished
2026-04-10 12:30:25,807 [INFO] WebApp:194 - Connection lost
2026-04-10 12:30:25,924 [INFO] WebApp:191 - Connection restablished
2026-04-10 13:19:56,925 [ERROR] LogOutputStream:75 - [STDERR_REDIRECT] 
